2025-11-06 19:09:37,881 - INFO - Inicio escaneo - Sesión: 4ba7cb4a07ea1822
2025-11-06 19:09:37,882 - INFO - Sesión iniciada - Tarjeta: EMPLEADO_12345
2025-11-06 19:09:40,387 - INFO - Tarjeta retirada - Duración: 2.5s - Tarjeta: EMPLEADO_12345
2025-11-06 19:09:44,357 - INFO - Inicio escaneo - Sesión: 36aa633d19736fc2
2025-11-06 19:09:48,366 - INFO - Sesión iniciada - Tarjeta: EMPLEADO_12345
2025-11-06 19:09:55,374 - WARNING - Tarjeta perdida durante sesión: EMPLEADO_12345
2025-11-06 19:09:55,377 - WARNING - Timeout escaneo sin tarjeta
2025-11-06 19:09:59,350 - INFO - Inicio escaneo - Sesión: 08ff2ad6daf02797
2025-11-06 19:10:03,364 - INFO - Sesión iniciada - Tarjeta: EMPLEADO_12345
2025-11-06 19:10:10,370 - WARNING - Tarjeta perdida durante sesión: EMPLEADO_12345
2025-11-06 19:10:10,375 - WARNING - Timeout escaneo sin tarjeta
2025-11-06 19:10:10,376 - WARNING - Sistema bloqueado hasta: 2025-11-06 19:20:10.376489
2025-11-06 19:10:20,490 - INFO - Inicio escaneo - Sesión: 0778d4ae051f878a
2025-11-06 19:10:20,491 - INFO - Sesión iniciada - Tarjeta: EMPLEADO_12345
2025-11-06 19:10:25,002 - INFO - Tarjeta retirada - Duración: 4.5s - Tarjeta: EMPLEADO_12345
2025-11-06 19:10:25,003 - INFO - Inicio escaneo - Sesión: c2e6136a04e315b9
2025-11-06 19:12:09,568 - INFO - Inicio escaneo - Sesión: b875db445afa0762
2025-11-06 19:12:18,081 - INFO - Sesión iniciada - Tarjeta: EMPLEADO_12345
2025-11-06 19:12:25,090 - WARNING - Tarjeta perdida durante sesión: EMPLEADO_12345
2025-11-06 19:12:25,095 - WARNING - Timeout escaneo sin tarjeta
2025-11-06 19:18:32,835 - INFO - Inicio escaneo - Sesión: 0a265c10f3cc855a
2025-11-06 19:18:35,338 - INFO - Sesión iniciada - Tarjeta: EMPLEADO_12345
2025-11-06 19:18:35,841 - INFO - Tarjeta retirada después de validación - Duración: 0.5s
2025-11-06 19:18:44,955 - INFO - Inicio escaneo - Sesión: bbc7473040575ecc
2025-11-06 19:18:50,466 - INFO - Sesión iniciada - Tarjeta: EMPLEADO_12345
2025-11-06 19:18:50,969 - INFO - Tarjeta retirada después de validación - Duración: 0.5s
2025-11-06 19:21:56,978 - INFO - Escaneo iniciado - Sesión: eb2c7791a11121de
2025-11-06 19:22:03,484 - INFO - Autenticación exitosa - Tarjeta: EMPLEADO_12345
2025-11-06 19:22:15,494 - INFO - Sesión finalizada - Duración: 12.0s - Tarjeta: EMPLEADO_12345
2025-11-06 19:22:19,498 - INFO - Escaneo iniciado - Sesión: 30babcade0a907f6
2025-11-06 19:22:19,499 - INFO - Autenticación exitosa - Tarjeta: EMPLEADO_12345
2025-11-06 19:22:35,523 - INFO - Sesión finalizada - Duración: 16.0s - Tarjeta: EMPLEADO_12345
2025-11-06 19:22:39,528 - INFO - Escaneo iniciado - Sesión: e00ae8770d0c60f4
2025-11-06 19:22:39,529 - INFO - Autenticación exitosa - Tarjeta: EMPLEADO_12345
2025-11-06 19:22:55,548 - INFO - Sesión finalizada - Duración: 16.0s - Tarjeta: EMPLEADO_12345
2025-11-06 19:22:59,551 - INFO - Escaneo iniciado - Sesión: 8ad48acedd6ed7c4
2025-11-06 19:23:03,055 - INFO - Autenticación exitosa - Tarjeta: EMPLEADO_12345
2025-11-06 19:23:15,070 - INFO - Sesión finalizada - Duración: 12.0s - Tarjeta: EMPLEADO_12345
2025-11-06 19:23:19,073 - INFO - Escaneo iniciado - Sesión: 6fde2a05b49e7d88
2025-11-06 19:23:19,074 - INFO - Autenticación exitosa - Tarjeta: EMPLEADO_12345
